c:\users\d_cor\desktop\all files\dianne\3rd sem\oop-cpp\project\khronos\khronos\khronos\x64\release\vc142.pdb
c:\users\d_cor\desktop\all files\dianne\3rd sem\oop-cpp\project\khronos\khronos\khronos\x64\release\ut_utilities.obj
c:\users\d_cor\desktop\all files\dianne\3rd sem\oop-cpp\project\khronos\khronos\khronos\x64\release\ut_khronos_03_gregorian_to_jd.obj
c:\users\d_cor\desktop\all files\dianne\3rd sem\oop-cpp\project\khronos\khronos\khronos\x64\release\ut_khronos_02_gregorian_concepts.obj
c:\users\d_cor\desktop\all files\dianne\3rd sem\oop-cpp\project\khronos\khronos\khronos\x64\release\ut_khronos_01_concepts.obj
c:\users\d_cor\desktop\all files\dianne\3rd sem\oop-cpp\project\khronos\khronos\khronos\x64\release\ut_khronos_00_main.obj
c:\users\d_cor\desktop\all files\dianne\3rd sem\oop-cpp\project\khronos\khronos\khronos\x64\release\vulcan.obj
c:\users\d_cor\desktop\all files\dianne\3rd sem\oop-cpp\project\khronos\khronos\khronos\x64\release\julian_to_jd.obj
c:\users\d_cor\desktop\all files\dianne\3rd sem\oop-cpp\project\khronos\khronos\khronos\x64\release\julian.obj
c:\users\d_cor\desktop\all files\dianne\3rd sem\oop-cpp\project\khronos\khronos\khronos\x64\release\jd_to_gregorian.obj
c:\users\d_cor\desktop\all files\dianne\3rd sem\oop-cpp\project\khronos\khronos\khronos\x64\release\jd.obj
c:\users\d_cor\desktop\all files\dianne\3rd sem\oop-cpp\project\khronos\khronos\khronos\x64\release\islamic_to_jd.obj
c:\users\d_cor\desktop\all files\dianne\3rd sem\oop-cpp\project\khronos\khronos\khronos\x64\release\islamic.obj
c:\users\d_cor\desktop\all files\dianne\3rd sem\oop-cpp\project\khronos\khronos\khronos\x64\release\hebrew_to_jd.obj
c:\users\d_cor\desktop\all files\dianne\3rd sem\oop-cpp\project\khronos\khronos\khronos\x64\release\hebrew.obj
c:\users\d_cor\desktop\all files\dianne\3rd sem\oop-cpp\project\khronos\khronos\khronos\x64\release\gregorian_to_jd.obj
c:\users\d_cor\desktop\all files\dianne\3rd sem\oop-cpp\project\khronos\khronos\khronos\x64\release\gregorian.obj
c:\users\d_cor\desktop\all files\dianne\3rd sem\oop-cpp\project\khronos\khronos\khronos\x64\release\khronos.tlog\cl.command.1.tlog
c:\users\d_cor\desktop\all files\dianne\3rd sem\oop-cpp\project\khronos\khronos\khronos\x64\release\khronos.tlog\cl.read.1.tlog
c:\users\d_cor\desktop\all files\dianne\3rd sem\oop-cpp\project\khronos\khronos\khronos\x64\release\khronos.tlog\cl.write.1.tlog
c:\users\d_cor\desktop\all files\dianne\3rd sem\oop-cpp\project\khronos\khronos\khronos\x64\release\khronos.tlog\link.command.1.tlog
c:\users\d_cor\desktop\all files\dianne\3rd sem\oop-cpp\project\khronos\khronos\khronos\x64\release\khronos.tlog\link.read.1.tlog
c:\users\d_cor\desktop\all files\dianne\3rd sem\oop-cpp\project\khronos\khronos\khronos\x64\release\khronos.tlog\link.write.1.tlog
