  gregorian.cpp
C:\Users\d_cor\Khronos\Khronos\Khronos\include\khronos\timeofday.hpp(71,27): warning C4244: 'argument': conversion from 'khronos::second_t' to 'unsigned __int64', possible loss of data
C:\Users\d_cor\Khronos\Khronos\Khronos\include\khronos\timeofday.hpp(75,17): warning C4244: '=': conversion from 'khronos::tod_t' to 'khronos::hour_t', possible loss of data
C:\Users\d_cor\Khronos\Khronos\Khronos\include\khronos\timeofday.hpp(77,21): warning C4244: '=': conversion from 'double' to 'khronos::minute_t', possible loss of data
  gregorian_to_jd.cpp
C:\Users\d_cor\Khronos\Khronos\Khronos\include\khronos\timeofday.hpp(71,27): warning C4244: 'argument': conversion from 'khronos::second_t' to 'unsigned __int64', possible loss of data
C:\Users\d_cor\Khronos\Khronos\Khronos\include\khronos\timeofday.hpp(75,17): warning C4244: '=': conversion from 'khronos::tod_t' to 'khronos::hour_t', possible loss of data
C:\Users\d_cor\Khronos\Khronos\Khronos\include\khronos\timeofday.hpp(77,21): warning C4244: '=': conversion from 'double' to 'khronos::minute_t', possible loss of data
C:\Users\d_cor\Khronos\Khronos\Khronos\libsrc\gregorian_to_jd.cpp(64,57): warning C4244: 'argument': conversion from 'unsigned __int64' to 'double', possible loss of data
C:\Users\d_cor\Khronos\Khronos\Khronos\libsrc\gregorian_to_jd.cpp(64,27): warning C4244: 'argument': conversion from 'double' to 'unsigned __int64', possible loss of data
  jd.cpp
C:\Users\d_cor\Khronos\Khronos\Khronos\include\khronos\timeofday.hpp(71,27): warning C4244: 'argument': conversion from 'khronos::second_t' to 'unsigned __int64', possible loss of data
C:\Users\d_cor\Khronos\Khronos\Khronos\include\khronos\timeofday.hpp(75,17): warning C4244: '=': conversion from 'khronos::tod_t' to 'khronos::hour_t', possible loss of data
C:\Users\d_cor\Khronos\Khronos\Khronos\include\khronos\timeofday.hpp(77,21): warning C4244: '=': conversion from 'double' to 'khronos::minute_t', possible loss of data
C:\Users\d_cor\Khronos\Khronos\Khronos\libsrc\gregorian_to_jd.cpp(64,57): warning C4244: 'argument': conversion from 'unsigned __int64' to 'double', possible loss of data
C:\Users\d_cor\Khronos\Khronos\Khronos\libsrc\gregorian_to_jd.cpp(64,27): warning C4244: 'argument': conversion from 'double' to 'unsigned __int64', possible loss of data
  jd_to_gregorian.cpp
C:\Users\d_cor\Khronos\Khronos\Khronos\include\khronos\timeofday.hpp(71,27): warning C4244: 'argument': conversion from 'khronos::second_t' to 'unsigned __int64', possible loss of data
C:\Users\d_cor\Khronos\Khronos\Khronos\include\khronos\timeofday.hpp(75,17): warning C4244: '=': conversion from 'khronos::tod_t' to 'khronos::hour_t', possible loss of data
C:\Users\d_cor\Khronos\Khronos\Khronos\include\khronos\timeofday.hpp(77,21): warning C4244: '=': conversion from 'double' to 'khronos::minute_t', possible loss of data
  Generating Code...
  ut_Khronos_04_jd_to_gregorian.cpp
C:\Users\d_cor\Khronos\Khronos\Khronos\include\khronos\timeofday.hpp(71,27): warning C4244: 'argument': conversion from 'khronos::second_t' to 'unsigned __int64', possible loss of data
C:\Users\d_cor\Khronos\Khronos\Khronos\include\khronos\timeofday.hpp(75,17): warning C4244: '=': conversion from 'khronos::tod_t' to 'khronos::hour_t', possible loss of data
C:\Users\d_cor\Khronos\Khronos\Khronos\include\khronos\timeofday.hpp(77,21): warning C4244: '=': conversion from 'double' to 'khronos::minute_t', possible loss of data
  Khronos.vcxproj -> C:\Users\d_cor\Khronos\Khronos\x64\Debug\Khronos.exe
